<?xml version="1.0" encoding="UTF-8"?>
<!-- Generated by org.testng.reporters.JUnitXMLReporter -->
<testsuite ignored="4" hostname="LAPTOP-BPN34P9J" failures="2" tests="2" name="Test" time="7.186" errors="0" timestamp="2021-11-16T10:39:50 EST">
  <testcase classname="org.w2a.testcases.BankManagerLoginTest" name="bankManagerLogin" time="3.39">
    <failure type="java.lang.AssertionError" message="login failed">
      <![CDATA[java.lang.AssertionError: login failed
at org.w2a.testcases.BankManagerLoginTest.bankManagerLogin(BankManagerLoginTest.java:22)
at java.base/java.util.ArrayList.forEach(ArrayList.java:1511)
... Removed 28 stack frames]]>
    </failure>
  </testcase> <!-- bankManagerLogin -->
  <testcase classname="org.w2a.testcases.AddCustomerTest" name="addCustomer" time="3.715">
    <failure type="java.lang.AssertionError" message="Customer not added">
      <![CDATA[java.lang.AssertionError: Customer not added
at org.w2a.testcases.AddCustomerTest.addCustomer(AddCustomerTest.java:28)
at java.base/java.util.ArrayList.forEach(ArrayList.java:1511)
... Removed 28 stack frames]]>
    </failure>
  </testcase> <!-- addCustomer -->
  <testcase classname="org.w2a.bases.TestBaseClass" name="@BeforeSuite setUp" time="0.0">
    <ignored/>
  </testcase> <!-- @BeforeSuite setUp -->
  <testcase classname="org.w2a.bases.TestBaseClass" name="@BeforeSuite setUp" time="0.0">
    <ignored/>
  </testcase> <!-- @BeforeSuite setUp -->
  <testcase classname="org.w2a.bases.TestBaseClass" name="@AfterSuite teardown" time="0.0">
    <ignored/>
  </testcase> <!-- @AfterSuite teardown -->
  <testcase classname="org.w2a.bases.TestBaseClass" name="@AfterSuite teardown" time="0.0">
    <ignored/>
  </testcase> <!-- @AfterSuite teardown -->
</testsuite> <!-- Test -->
