<?xml version="1.0" encoding="UTF-8"?>
<!-- Generated by org.testng.reporters.JUnitXMLReporter -->
<testsuite ignored="4" hostname="LAPTOP-BPN34P9J" failures="1"
	tests="2" name="Test" time="3.185" errors="0"
	timestamp="2021-11-08T13:46:06 EST">
	<testcase classname="org.w2a.testcases.BankManagerLoginTest"
		name="bankManagerLogin" time="3.139" />
	<testcase classname="org.w2a.testcases.AddCustomerTest"
		name="addCustomer" time="0.0">
		<failure type="org.testng.TestNGException"
			message="
Cannot inject @Test annotated Method [addCustomer] with [class java.lang.String, class java.lang.String, class java.lang.String].
For more information on native dependency injection please refer to https://testng.org/doc/documentation-main.html#native-dependency-injection">
      <![CDATA[org.testng.TestNGException: 
Cannot inject @Test annotated Method [addCustomer] with [class java.lang.String, class java.lang.String, class java.lang.String].
For more information on native dependency injection please refer to https://testng.org/doc/documentation-main.html#native-dependency-injection
at java.base/java.util.ArrayList.forEach(ArrayList.java:1511)
... Removed 26 stack frames]]>
		</failure>
	</testcase> <!-- addCustomer -->
	<testcase classname="org.w2a.bases.TestBaseClass"
		name="@BeforeSuite setUp" time="0.0">
		<ignored />
	</testcase> <!-- @BeforeSuite setUp -->
	<testcase classname="org.w2a.bases.TestBaseClass"
		name="@BeforeSuite setUp" time="0.0">
		<ignored />
	</testcase> <!-- @BeforeSuite setUp -->
	<testcase classname="org.w2a.bases.TestBaseClass"
		name="@AfterSuite teardown" time="0.0">
		<ignored />
	</testcase> <!-- @AfterSuite teardown -->
	<testcase classname="org.w2a.bases.TestBaseClass"
		name="@AfterSuite teardown" time="0.0">
		<ignored />
	</testcase> <!-- @AfterSuite teardown -->
</testsuite> <!-- Test -->
